<?xml version="1.0" encoding="UTF-8"?>
<testng-results ignored="0" total="3" passed="3" failed="0" skipped="0">
  <reporter-output>
  </reporter-output>
  <suite started-at="2023-07-17T19:07:04 IST" name="Default suite" finished-at="2023-07-17T19:08:00 IST" duration-ms="55712">
    <groups>
    </groups>
    <test started-at="2023-07-17T19:07:04 IST" name="Default test" finished-at="2023-07-17T19:08:00 IST" duration-ms="55712">
      <class name="com.olp.test.SP1_OLX_T1110">
        <test-method is-config="true" signature="initialConfig()[pri:0, instance:com.olp.test.SP1_OLX_T1110@69ee81fc]" started-at="2023-07-17T19:07:04 IST" name="initialConfig" finished-at="2023-07-17T19:07:04 IST" duration-ms="145" status="PASS">
          <reporter-output>
          </reporter-output>
        </test-method> <!-- initialConfig -->
        <test-method is-config="true" signature="setUp()[pri:0, instance:com.olp.test.SP1_OLX_T1110@69ee81fc]" started-at="2023-07-17T19:07:04 IST" name="setUp" finished-at="2023-07-17T19:07:07 IST" duration-ms="2796" status="PASS">
          <reporter-output>
          </reporter-output>
        </test-method> <!-- setUp -->
        <test-method is-config="true" signature="setup(java.lang.reflect.Method)[pri:0, instance:com.olp.test.SP1_OLX_T1110@69ee81fc]" started-at="2023-07-17T19:07:07 IST" name="setup" finished-at="2023-07-17T19:07:07 IST" duration-ms="5" status="PASS">
          <params>
            <param index="0">
              <value>
                <![CDATA[public void com.olp.test.SP1_OLX_T1110.loginToVessel()]]>
              </value>
            </param>
          </params>
          <reporter-output>
          </reporter-output>
        </test-method> <!-- setup -->
        <test-method signature="loginToVessel()[pri:1, instance:com.olp.test.SP1_OLX_T1110@69ee81fc]" started-at="2023-07-17T19:07:07 IST" name="loginToVessel" finished-at="2023-07-17T19:07:24 IST" duration-ms="16804" status="PASS">
          <reporter-output>
          </reporter-output>
        </test-method> <!-- loginToVessel -->
        <test-method is-config="true" signature="setup(java.lang.reflect.Method)[pri:0, instance:com.olp.test.SP1_OLX_T1110@69ee81fc]" started-at="2023-07-17T19:07:24 IST" name="setup" finished-at="2023-07-17T19:07:24 IST" duration-ms="0" status="PASS">
          <params>
            <param index="0">
              <value>
                <![CDATA[public void com.olp.test.SP1_OLX_T1110.navigateToShowAdvanceSearch()]]>
              </value>
            </param>
          </params>
          <reporter-output>
          </reporter-output>
        </test-method> <!-- setup -->
        <test-method signature="navigateToShowAdvanceSearch()[pri:2, instance:com.olp.test.SP1_OLX_T1110@69ee81fc]" started-at="2023-07-17T19:07:24 IST" name="navigateToShowAdvanceSearch" finished-at="2023-07-17T19:07:38 IST" duration-ms="13772" status="PASS">
          <reporter-output>
          </reporter-output>
        </test-method> <!-- navigateToShowAdvanceSearch -->
        <test-method signature="setPendingProficienciesFrom0AndValueA()[pri:3, instance:com.olp.test.SP1_OLX_T1110@69ee81fc]" started-at="2023-07-17T19:07:38 IST" name="setPendingProficienciesFrom0AndValueA" finished-at="2023-07-17T19:08:00 IST" duration-ms="22296" status="PASS">
          <reporter-output>
          </reporter-output>
        </test-method> <!-- setPendingProficienciesFrom0AndValueA -->
        <test-method is-config="true" signature="setup(java.lang.reflect.Method)[pri:0, instance:com.olp.test.SP1_OLX_T1110@69ee81fc]" started-at="2023-07-17T19:07:38 IST" name="setup" finished-at="2023-07-17T19:07:38 IST" duration-ms="0" status="PASS">
          <params>
            <param index="0">
              <value>
                <![CDATA[public void com.olp.test.SP1_OLX_T1110.setPendingProficienciesFrom0AndValueA()]]>
              </value>
            </param>
          </params>
          <reporter-output>
          </reporter-output>
        </test-method> <!-- setup -->
        <test-method is-config="true" signature="tearDown()[pri:0, instance:com.olp.test.SP1_OLX_T1110@69ee81fc]" started-at="2023-07-17T19:08:00 IST" name="tearDown" finished-at="2023-07-17T19:08:00 IST" duration-ms="589" status="PASS">
          <reporter-output>
          </reporter-output>
        </test-method> <!-- tearDown -->
      </class> <!-- com.olp.test.SP1_OLX_T1110 -->
    </test> <!-- Default test -->
  </suite> <!-- Default suite -->
</testng-results>
