<?xml version="1.0" encoding="UTF-8"?>
<!-- Generated by org.testng.reporters.JUnitXMLReporter -->
<testsuite ignored="0" hostname="LAPTOP-0GR6B3UR" failures="0" tests="3" name="Default test" time="55.712" errors="0" timestamp="2023-07-17T19:08:00 IST">
  <testcase classname="com.olp.test.SP1_OLX_T1110" name="loginToVessel" time="16.804"/>
  <testcase classname="com.olp.test.SP1_OLX_T1110" name="navigateToShowAdvanceSearch" time="13.772"/>
  <testcase classname="com.olp.test.SP1_OLX_T1110" name="setPendingProficienciesFrom0AndValueA" time="22.296"/>
</testsuite> <!-- Default test -->
